<?xml version="1.0" encoding="UTF-8"?>
<!-- Generated by org.testng.reporters.JUnitReportReporter -->
<testsuite hostname="DESKTOP-FJTDLHU" failures="0" tests="1" name="Runner.TestRunner" time="90.786" errors="0" timestamp="2025-04-20T22:29:09 IST" skipped="0">
  <testcase classname="Runner.TestRunner" name="runScenario" time="90.786"/>
</testsuite> <!-- Runner.TestRunner -->
